2015-06-14 23:19:08.220 ionic-siguide[10862:219786] DiskCookieStorage changing policy from 2 to 0, cookie file: file:///Users/imansyaefulloh/Library/Developer/CoreSimulator/Devices/B952DABE-0A49-45E0-906B-639CA387ECAF/data/Containers/Data/Application/D8BEA622-10AD-466D-AF86-9B94DA3298D5/Library/Cookies/Cookies.binarycookies
2015-06-14 23:19:11.611 ionic-siguide[10862:219786] Apache Cordova native platform version 3.8.0 is starting.
2015-06-14 23:19:11.611 ionic-siguide[10862:219786] Multi-tasking -> Device: YES, App: YES
2015-06-14 23:19:11.651 ionic-siguide[10862:219786] Unlimited access to network resources
2015-06-14 23:19:14.353 ionic-siguide[10862:219786] [CDVTimer][keyboard] 0.068009ms
2015-06-14 23:19:14.883 ionic-siguide[10862:219786] [CDVTimer][splashscreen] 530.314982ms
2015-06-14 23:19:14.884 ionic-siguide[10862:219786] [CDVTimer][TotalPluginStartup] 530.785978ms
2015-06-14 23:19:16.149 ionic-siguide[10862:219786] Resetting plugins due to page load.
2015-06-14 23:19:17.270 ionic-siguide[10862:219786] Finished load of: file:///Users/imansyaefulloh/Library/Developer/CoreSimulator/Devices/B952DABE-0A49-45E0-906B-639CA387ECAF/data/Containers/Bundle/Application/DA6D94B9-E6FB-48B1-B303-7E9EA41E4AAF/ionic-siguide.app/www/index.html
2015-06-14 23:30:26.921 ionic-siguide[10862:219786] Resetting plugins due to page load.
2015-06-14 23:30:30.055 ionic-siguide[10862:219786] Finished load of: file:///Users/imansyaefulloh/Library/Developer/CoreSimulator/Devices/B952DABE-0A49-45E0-906B-639CA387ECAF/data/Containers/Bundle/Application/DA6D94B9-E6FB-48B1-B303-7E9EA41E4AAF/ionic-siguide.app/www/index.html
2015-06-14 23:30:30.620 ionic-siguide[10862:219786] Resetting plugins due to page load.
2015-06-14 23:30:31.983 ionic-siguide[10862:219786] Finished load of: file:///Users/imansyaefulloh/Library/Developer/CoreSimulator/Devices/B952DABE-0A49-45E0-906B-639CA387ECAF/data/Containers/Bundle/Application/DA6D94B9-E6FB-48B1-B303-7E9EA41E4AAF/ionic-siguide.app/www/index.html
2015-06-14 23:31:41.517 ionic-siguide[10862:219786] Resetting plugins due to page load.
2015-06-14 23:31:43.676 ionic-siguide[10862:219786] Finished load of: file:///Users/imansyaefulloh/Library/Developer/CoreSimulator/Devices/B952DABE-0A49-45E0-906B-639CA387ECAF/data/Containers/Bundle/Application/DA6D94B9-E6FB-48B1-B303-7E9EA41E4AAF/ionic-siguide.app/www/index.html
2015-06-14 23:42:00.145 ionic-siguide[12324:243613] DiskCookieStorage changing policy from 2 to 0, cookie file: file:///Users/imansyaefulloh/Library/Developer/CoreSimulator/Devices/B952DABE-0A49-45E0-906B-639CA387ECAF/data/Containers/Data/Application/B98BF977-90FA-44AA-8CBA-EDEEBD2114B9/Library/Cookies/Cookies.binarycookies
2015-06-14 23:42:00.815 ionic-siguide[12324:243613] Apache Cordova native platform version 3.8.0 is starting.
2015-06-14 23:42:00.815 ionic-siguide[12324:243613] Multi-tasking -> Device: YES, App: YES
2015-06-14 23:42:00.817 ionic-siguide[12324:243613] Unlimited access to network resources
2015-06-14 23:42:01.099 ionic-siguide[12324:243613] [CDVTimer][keyboard] 0.056028ms
2015-06-14 23:42:01.172 ionic-siguide[12324:243613] [CDVTimer][splashscreen] 73.305964ms
2015-06-14 23:42:01.172 ionic-siguide[12324:243613] [CDVTimer][TotalPluginStartup] 73.723972ms
2015-06-14 23:42:01.301 ionic-siguide[12324:243613] Resetting plugins due to page load.
2015-06-14 23:42:02.566 ionic-siguide[12324:243613] Finished load of: file:///Users/imansyaefulloh/Library/Developer/CoreSimulator/Devices/B952DABE-0A49-45E0-906B-639CA387ECAF/data/Containers/Bundle/Application/9AC0F9B1-772D-47AA-AB02-5FD23C063D3F/ionic-siguide.app/www/index.html#/
